This is pdfTeX, Version 3.14159265-2.6-1.40.18 (MiKTeX 2.9.6350 64-bit) (preloaded format=pdflatex 2017.10.31)  31 AUG 2018 09:19
entering extended mode
**D:/Dropbox/Work/PhD/Papers/Candidacy_Report/Sections/2_keywords.tex
(D:/Dropbox/Work/PhD/Papers/Candidacy_Report/Sections/2_keywords.tex
LaTeX2e <2017-04-15>
Babel <3.10> and hyphenation patterns for 75 language(s) loaded.

! LaTeX Error: Missing \begin{document}.

See the LaTeX manual or LaTeX Companion for explanation.
Type  H <return>  for immediate help.
 ...                                              
                                                  
l.4 \noindent
              ~~\textbf{Keywords \textendash} 
Here is how much of TeX's memory you used:
 8 strings out of 493323
 394 string characters out of 3139056
 53648 words of memory out of 3000000
 3645 multiletter control sequences out of 15000+200000
 3640 words of font info for 14 fonts, out of 3000000 for 9000
 1141 hyphenation exceptions out of 8191
 5i,0n,4p,112b,14s stack positions out of 5000i,500n,10000p,200000b,50000s

!  ==> Fatal error occurred, no output PDF file produced!
